  codeandtime.cpp
  makexmlView.cpp
D:\Ggit\makexml\makexmlView.cpp(94,56): warning C4244: “参数”: 从“double”转换到“int”，可能丢失数据
D:\Ggit\makexml\makexmlView.cpp(94,35): warning C4244: “参数”: 从“double”转换到“int”，可能丢失数据
D:\Ggit\makexml\makexmlView.cpp(95,61): warning C4244: “参数”: 从“double”转换到“int”，可能丢失数据
D:\Ggit\makexml\makexmlView.cpp(95,37): warning C4244: “参数”: 从“double”转换到“int”，可能丢失数据
D:\Ggit\makexml\makexmlView.cpp(97,61): warning C4244: “参数”: 从“double”转换到“int”，可能丢失数据
D:\Ggit\makexml\makexmlView.cpp(97,37): warning C4244: “参数”: 从“double”转换到“int”，可能丢失数据
D:\Ggit\makexml\makexmlView.cpp(98,63): warning C4244: “参数”: 从“double”转换到“int”，可能丢失数据
D:\Ggit\makexml\makexmlView.cpp(98,37): warning C4244: “参数”: 从“double”转换到“int”，可能丢失数据
D:\Ggit\makexml\makexmlView.cpp(100,63): warning C4244: “参数”: 从“double”转换到“int”，可能丢失数据
D:\Ggit\makexml\makexmlView.cpp(100,37): warning C4244: “参数”: 从“double”转换到“int”，可能丢失数据
D:\Ggit\makexml\makexmlView.cpp(101,63): warning C4244: “参数”: 从“double”转换到“int”，可能丢失数据
D:\Ggit\makexml\makexmlView.cpp(101,37): warning C4244: “参数”: 从“double”转换到“int”，可能丢失数据
D:\Ggit\makexml\makexmlView.cpp(103,63): warning C4244: “参数”: 从“double”转换到“int”，可能丢失数据
D:\Ggit\makexml\makexmlView.cpp(103,37): warning C4244: “参数”: 从“double”转换到“int”，可能丢失数据
D:\Ggit\makexml\makexmlView.cpp(104,63): warning C4244: “参数”: 从“double”转换到“int”，可能丢失数据
D:\Ggit\makexml\makexmlView.cpp(104,37): warning C4244: “参数”: 从“double”转换到“int”，可能丢失数据
D:\Ggit\makexml\makexmlView.cpp(106,63): warning C4244: “参数”: 从“double”转换到“int”，可能丢失数据
D:\Ggit\makexml\makexmlView.cpp(106,37): warning C4244: “参数”: 从“double”转换到“int”，可能丢失数据
D:\Ggit\makexml\makexmlView.cpp(107,58): warning C4244: “参数”: 从“double”转换到“int”，可能丢失数据
D:\Ggit\makexml\makexmlView.cpp(107,35): warning C4244: “参数”: 从“double”转换到“int”，可能丢失数据
D:\Ggit\makexml\makexmlView.cpp(109,58): warning C4244: “参数”: 从“double”转换到“int”，可能丢失数据
D:\Ggit\makexml\makexmlView.cpp(109,35): warning C4244: “参数”: 从“double”转换到“int”，可能丢失数据
D:\Ggit\makexml\makexmlView.cpp(110,63): warning C4244: “参数”: 从“double”转换到“int”，可能丢失数据
D:\Ggit\makexml\makexmlView.cpp(110,37): warning C4244: “参数”: 从“double”转换到“int”，可能丢失数据
D:\Ggit\makexml\makexmlView.cpp(112,63): warning C4244: “参数”: 从“double”转换到“int”，可能丢失数据
D:\Ggit\makexml\makexmlView.cpp(112,37): warning C4244: “参数”: 从“double”转换到“int”，可能丢失数据
D:\Ggit\makexml\makexmlView.cpp(113,63): warning C4244: “参数”: 从“double”转换到“int”，可能丢失数据
D:\Ggit\makexml\makexmlView.cpp(113,37): warning C4244: “参数”: 从“double”转换到“int”，可能丢失数据
D:\Ggit\makexml\makexmlView.cpp(115,63): warning C4244: “参数”: 从“double”转换到“int”，可能丢失数据
D:\Ggit\makexml\makexmlView.cpp(115,37): warning C4244: “参数”: 从“double”转换到“int”，可能丢失数据
D:\Ggit\makexml\makexmlView.cpp(116,56): warning C4244: “参数”: 从“double”转换到“int”，可能丢失数据
D:\Ggit\makexml\makexmlView.cpp(116,35): warning C4244: “参数”: 从“double”转换到“int”，可能丢失数据
D:\Ggit\makexml\makexmlView.cpp(119,63): warning C4244: “参数”: 从“double”转换到“int”，可能丢失数据
D:\Ggit\makexml\makexmlView.cpp(119,37): warning C4244: “参数”: 从“double”转换到“int”，可能丢失数据
D:\Ggit\makexml\makexmlView.cpp(120,63): warning C4244: “参数”: 从“double”转换到“int”，可能丢失数据
D:\Ggit\makexml\makexmlView.cpp(120,37): warning C4244: “参数”: 从“double”转换到“int”，可能丢失数据
D:\Ggit\makexml\makexmlView.cpp(121,63): warning C4244: “参数”: 从“double”转换到“int”，可能丢失数据
D:\Ggit\makexml\makexmlView.cpp(121,37): warning C4244: “参数”: 从“double”转换到“int”，可能丢失数据
D:\Ggit\makexml\makexmlView.cpp(122,63): warning C4244: “参数”: 从“double”转换到“int”，可能丢失数据
D:\Ggit\makexml\makexmlView.cpp(122,37): warning C4244: “参数”: 从“double”转换到“int”，可能丢失数据
D:\Ggit\makexml\makexmlView.cpp(123,63): warning C4244: “参数”: 从“double”转换到“int”，可能丢失数据
D:\Ggit\makexml\makexmlView.cpp(123,37): warning C4244: “参数”: 从“double”转换到“int”，可能丢失数据
D:\Ggit\makexml\makexmlView.cpp(124,63): warning C4244: “参数”: 从“double”转换到“int”，可能丢失数据
D:\Ggit\makexml\makexmlView.cpp(124,37): warning C4244: “参数”: 从“double”转换到“int”，可能丢失数据
D:\Ggit\makexml\makexmlView.cpp(126,63): warning C4244: “参数”: 从“double”转换到“int”，可能丢失数据
D:\Ggit\makexml\makexmlView.cpp(126,37): warning C4244: “参数”: 从“double”转换到“int”，可能丢失数据
D:\Ggit\makexml\makexmlView.cpp(127,63): warning C4244: “参数”: 从“double”转换到“int”，可能丢失数据
D:\Ggit\makexml\makexmlView.cpp(127,37): warning C4244: “参数”: 从“double”转换到“int”，可能丢失数据
D:\Ggit\makexml\makexmlView.cpp(128,63): warning C4244: “参数”: 从“double”转换到“int”，可能丢失数据
D:\Ggit\makexml\makexmlView.cpp(128,37): warning C4244: “参数”: 从“double”转换到“int”，可能丢失数据
D:\Ggit\makexml\makexmlView.cpp(129,63): warning C4244: “参数”: 从“double”转换到“int”，可能丢失数据
D:\Ggit\makexml\makexmlView.cpp(129,37): warning C4244: “参数”: 从“double”转换到“int”，可能丢失数据
D:\Ggit\makexml\makexmlView.cpp(130,63): warning C4244: “参数”: 从“double”转换到“int”，可能丢失数据
D:\Ggit\makexml\makexmlView.cpp(130,37): warning C4244: “参数”: 从“double”转换到“int”，可能丢失数据
D:\Ggit\makexml\makexmlView.cpp(131,62): warning C4244: “参数”: 从“double”转换到“int”，可能丢失数据
D:\Ggit\makexml\makexmlView.cpp(131,37): warning C4244: “参数”: 从“double”转换到“int”，可能丢失数据
D:\Ggit\makexml\makexmlView.cpp(132,63): warning C4244: “参数”: 从“double”转换到“int”，可能丢失数据
D:\Ggit\makexml\makexmlView.cpp(132,37): warning C4244: “参数”: 从“double”转换到“int”，可能丢失数据
D:\Ggit\makexml\makexmlView.cpp(133,63): warning C4244: “参数”: 从“double”转换到“int”，可能丢失数据
D:\Ggit\makexml\makexmlView.cpp(133,37): warning C4244: “参数”: 从“double”转换到“int”，可能丢失数据
D:\Ggit\makexml\makexmlView.cpp(136,63): warning C4244: “参数”: 从“double”转换到“int”，可能丢失数据
D:\Ggit\makexml\makexmlView.cpp(136,37): warning C4244: “参数”: 从“double”转换到“int”，可能丢失数据
D:\Ggit\makexml\makexmlView.cpp(137,63): warning C4244: “参数”: 从“double”转换到“int”，可能丢失数据
D:\Ggit\makexml\makexmlView.cpp(137,37): warning C4244: “参数”: 从“double”转换到“int”，可能丢失数据
D:\Ggit\makexml\makexmlView.cpp(138,63): warning C4244: “参数”: 从“double”转换到“int”，可能丢失数据
D:\Ggit\makexml\makexmlView.cpp(138,37): warning C4244: “参数”: 从“double”转换到“int”，可能丢失数据
D:\Ggit\makexml\makexmlView.cpp(139,63): warning C4244: “参数”: 从“double”转换到“int”，可能丢失数据
D:\Ggit\makexml\makexmlView.cpp(139,37): warning C4244: “参数”: 从“double”转换到“int”，可能丢失数据
D:\Ggit\makexml\makexmlView.cpp(140,63): warning C4244: “参数”: 从“double”转换到“int”，可能丢失数据
D:\Ggit\makexml\makexmlView.cpp(140,37): warning C4244: “参数”: 从“double”转换到“int”，可能丢失数据
D:\Ggit\makexml\makexmlView.cpp(141,63): warning C4244: “参数”: 从“double”转换到“int”，可能丢失数据
D:\Ggit\makexml\makexmlView.cpp(141,37): warning C4244: “参数”: 从“double”转换到“int”，可能丢失数据
D:\Ggit\makexml\makexmlView.cpp(148,54): warning C4244: “参数”: 从“double”转换到“int”，可能丢失数据
D:\Ggit\makexml\makexmlView.cpp(148,34): warning C4244: “参数”: 从“double”转换到“int”，可能丢失数据
D:\Ggit\makexml\makexmlView.cpp(149,54): warning C4244: “参数”: 从“double”转换到“int”，可能丢失数据
D:\Ggit\makexml\makexmlView.cpp(149,34): warning C4244: “参数”: 从“double”转换到“int”，可能丢失数据
D:\Ggit\makexml\makexmlView.cpp(151,54): warning C4244: “参数”: 从“double”转换到“int”，可能丢失数据
D:\Ggit\makexml\makexmlView.cpp(151,34): warning C4244: “参数”: 从“double”转换到“int”，可能丢失数据
D:\Ggit\makexml\makexmlView.cpp(152,56): warning C4244: “参数”: 从“double”转换到“int”，可能丢失数据
D:\Ggit\makexml\makexmlView.cpp(152,34): warning C4244: “参数”: 从“double”转换到“int”，可能丢失数据
D:\Ggit\makexml\makexmlView.cpp(154,56): warning C4244: “参数”: 从“double”转换到“int”，可能丢失数据
D:\Ggit\makexml\makexmlView.cpp(154,34): warning C4244: “参数”: 从“double”转换到“int”，可能丢失数据
D:\Ggit\makexml\makexmlView.cpp(155,56): warning C4244: “参数”: 从“double”转换到“int”，可能丢失数据
D:\Ggit\makexml\makexmlView.cpp(155,34): warning C4244: “参数”: 从“double”转换到“int”，可能丢失数据
D:\Ggit\makexml\makexmlView.cpp(157,56): warning C4244: “参数”: 从“double”转换到“int”，可能丢失数据
D:\Ggit\makexml\makexmlView.cpp(157,34): warning C4244: “参数”: 从“double”转换到“int”，可能丢失数据
D:\Ggit\makexml\makexmlView.cpp(158,54): warning C4244: “参数”: 从“double”转换到“int”，可能丢失数据
D:\Ggit\makexml\makexmlView.cpp(158,34): warning C4244: “参数”: 从“double”转换到“int”，可能丢失数据
D:\Ggit\makexml\makexmlView.cpp(161,51): warning C4244: “参数”: 从“double”转换到“int”，可能丢失数据
D:\Ggit\makexml\makexmlView.cpp(161,32): warning C4244: “参数”: 从“double”转换到“int”，可能丢失数据
D:\Ggit\makexml\makexmlView.cpp(162,51): warning C4244: “参数”: 从“double”转换到“int”，可能丢失数据
D:\Ggit\makexml\makexmlView.cpp(162,32): warning C4244: “参数”: 从“double”转换到“int”，可能丢失数据
D:\Ggit\makexml\makexmlView.cpp(163,51): warning C4244: “参数”: 从“double”转换到“int”，可能丢失数据
D:\Ggit\makexml\makexmlView.cpp(163,32): warning C4244: “参数”: 从“double”转换到“int”，可能丢失数据
D:\Ggit\makexml\makexmlView.cpp(164,55): warning C4244: “参数”: 从“double”转换到“int”，可能丢失数据
D:\Ggit\makexml\makexmlView.cpp(164,34): warning C4244: “参数”: 从“double”转换到“int”，可能丢失数据
D:\Ggit\makexml\makexmlView.cpp(165,51): warning C4244: “参数”: 从“double”转换到“int”，可能丢失数据
D:\Ggit\makexml\makexmlView.cpp(165,32): warning C4244: “参数”: 从“double”转换到“int”，可能丢失数据
D:\Ggit\makexml\makexmlView.cpp(166,55): warning C4244: “参数”: 从“double”转换到“int”，可能丢失数据
D:\Ggit\makexml\makexmlView.cpp(166,34): warning C4244: “参数”: 从“double”转换到“int”，可能丢失数据
D:\Ggit\makexml\makexmlView.cpp(172,52): warning C4244: “参数”: 从“double”转换到“int”，可能丢失数据
D:\Ggit\makexml\makexmlView.cpp(172,33): warning C4244: “参数”: 从“double”转换到“int”，可能丢失数据
D:\Ggit\makexml\makexmlView.cpp(173,54): warning C4244: “参数”: 从“double”转换到“int”，可能丢失数据
D:\Ggit\makexml\makexmlView.cpp(173,34): warning C4244: “参数”: 从“double”转换到“int”，可能丢失数据
D:\Ggit\makexml\makexmlView.cpp(175,54): warning C4244: “参数”: 从“double”转换到“int”，可能丢失数据
D:\Ggit\makexml\makexmlView.cpp(175,34): warning C4244: “参数”: 从“double”转换到“int”，可能丢失数据
D:\Ggit\makexml\makexmlView.cpp(176,56): warning C4244: “参数”: 从“double”转换到“int”，可能丢失数据
D:\Ggit\makexml\makexmlView.cpp(176,34): warning C4244: “参数”: 从“double”转换到“int”，可能丢失数据
D:\Ggit\makexml\makexmlView.cpp(178,56): warning C4244: “参数”: 从“double”转换到“int”，可能丢失数据
D:\Ggit\makexml\makexmlView.cpp(178,34): warning C4244: “参数”: 从“double”转换到“int”，可能丢失数据
D:\Ggit\makexml\makexmlView.cpp(179,56): warning C4244: “参数”: 从“double”转换到“int”，可能丢失数据
D:\Ggit\makexml\makexmlView.cpp(179,34): warning C4244: “参数”: 从“double”转换到“int”，可能丢失数据
D:\Ggit\makexml\makexmlView.cpp(181,56): warning C4244: “参数”: 从“double”转换到“int”，可能丢失数据
D:\Ggit\makexml\makexmlView.cpp(181,34): warning C4244: “参数”: 从“double”转换到“int”，可能丢失数据
D:\Ggit\makexml\makexmlView.cpp(182,56): warning C4244: “参数”: 从“double”转换到“int”，可能丢失数据
D:\Ggit\makexml\makexmlView.cpp(182,34): warning C4244: “参数”: 从“double”转换到“int”，可能丢失数据
D:\Ggit\makexml\makexmlView.cpp(184,56): warning C4244: “参数”: 从“double”转换到“int”，可能丢失数据
D:\Ggit\makexml\makexmlView.cpp(184,34): warning C4244: “参数”: 从“double”转换到“int”，可能丢失数据
D:\Ggit\makexml\makexmlView.cpp(185,54): warning C4244: “参数”: 从“double”转换到“int”，可能丢失数据
D:\Ggit\makexml\makexmlView.cpp(185,33): warning C4244: “参数”: 从“double”转换到“int”，可能丢失数据
D:\Ggit\makexml\makexmlView.cpp(187,54): warning C4244: “参数”: 从“double”转换到“int”，可能丢失数据
D:\Ggit\makexml\makexmlView.cpp(187,33): warning C4244: “参数”: 从“double”转换到“int”，可能丢失数据
D:\Ggit\makexml\makexmlView.cpp(188,56): warning C4244: “参数”: 从“double”转换到“int”，可能丢失数据
D:\Ggit\makexml\makexmlView.cpp(188,34): warning C4244: “参数”: 从“double”转换到“int”，可能丢失数据
D:\Ggit\makexml\makexmlView.cpp(190,56): warning C4244: “参数”: 从“double”转换到“int”，可能丢失数据
D:\Ggit\makexml\makexmlView.cpp(190,34): warning C4244: “参数”: 从“double”转换到“int”，可能丢失数据
D:\Ggit\makexml\makexmlView.cpp(191,56): warning C4244: “参数”: 从“double”转换到“int”，可能丢失数据
D:\Ggit\makexml\makexmlView.cpp(191,34): warning C4244: “参数”: 从“double”转换到“int”，可能丢失数据
D:\Ggit\makexml\makexmlView.cpp(193,56): warning C4244: “参数”: 从“double”转换到“int”，可能丢失数据
D:\Ggit\makexml\makexmlView.cpp(193,34): warning C4244: “参数”: 从“double”转换到“int”，可能丢失数据
D:\Ggit\makexml\makexmlView.cpp(194,52): warning C4244: “参数”: 从“double”转换到“int”，可能丢失数据
D:\Ggit\makexml\makexmlView.cpp(194,33): warning C4244: “参数”: 从“double”转换到“int”，可能丢失数据
D:\Ggit\makexml\makexmlView.cpp(195,56): warning C4244: “参数”: 从“double”转换到“int”，可能丢失数据
D:\Ggit\makexml\makexmlView.cpp(195,35): warning C4244: “参数”: 从“double”转换到“int”，可能丢失数据
  xmldata.cpp
  正在生成代码...
  makexml.vcxproj -> D:\Ggit\makexml\Debug\makexml.exe
